<?xml version="1.0" encoding="UTF-8"?>
<!-- Generated by org.testng.reporters.JUnitReportReporter -->
<testsuite hostname="EC2AMAZ-S11DBRH" failures="0" tests="6" name="runners.CRMRunner" time="0.259" errors="0" timestamp="2023-12-18T08:02:05 GMT" skipped="0">
  <testcase classname="runners.CRMRunner" name="runScenario" time="0.021"/>
  <system-out/>
  <testcase classname="runners.CRMRunner" name="runScenario" time="0.017"/>
  <system-out/>
  <testcase classname="runners.CRMRunner" name="runScenario" time="0.020"/>
  <system-out/>
  <testcase classname="runners.CRMRunner" name="runScenario" time="0.017"/>
  <system-out/>
  <testcase classname="runners.CRMRunner" name="runScenario" time="0.154"/>
  <system-out/>
  <testcase classname="runners.CRMRunner" name="runScenario" time="0.030"/>
  <system-out/>
</testsuite> <!-- runners.CRMRunner -->
